1. 16/08 - 12:08:22.018 [main] DEBUG - ****Business ******  Debut Main  
11. 16/08 - 12:08:26.705 [main] DEBUG - Creation  : EntityManagerFactory  
12. 16/08 - 12:08:26.705 [main] DEBUG - Appel Controlleur UsrMgmt 
13. 16/08 - 12:08:26.806 [main] DEBUG - Creation EntityManager :  SessionImpl(1901634188<open>)  
14. 16/08 - 12:08:27.023 [main] DEBUG - Fermeture EntityManager :  SessionImpl(1901634188<open>)  
15. 16/08 - 12:08:27.037 [main] DEBUG - --> Liste User : rang : 1 , Nom : grimpeur_01 , eMail :grimpeur_01@mail.fr 
16. 16/08 - 12:08:27.037 [main] DEBUG - --> Liste User : rang : 2 , Nom : grimpeur_02 , eMail :grimpeur_02@mail.fr 
17. 16/08 - 12:08:27.037 [main] DEBUG - --> Liste User : rang : 3 , Nom : membre_01 , eMail :membre_01@mail.fr 
18. 16/08 - 12:08:27.037 [main] DEBUG - Appel Controlleur TopoMgmt 
19. 16/08 - 12:08:27.038 [main] DEBUG - Creation EntityManager :  SessionImpl(1954356739<open>)  
20. 16/08 - 12:08:27.063 [main] DEBUG - Fermeture EntityManager :  SessionImpl(1954356739<open>)  
21. 16/08 - 12:08:27.085 [main] DEBUG - --> Liste Topos : rang: 1 , Nom: topo_01 , Lieu: lieu_01 , Resume: resume_topo_01 , DateParution 2001-10-21 
22. 16/08 - 12:08:27.085 [main] DEBUG - --> Liste Topos : rang: 2 , Nom: topo_02 , Lieu: lieu_02 , Resume: resume_topo_02 , DateParution 2002-11-22 
23. 16/08 - 12:08:27.085 [main] DEBUG - --> Liste Topos : rang: 3 , Nom: topo_03 , Lieu: lieu_03 , Resume: resume_topo_03 , DateParution 2003-12-23 
24. 16/08 - 12:08:27.085 [main] DEBUG - Appel Controlleur CommentaireMgmt 
25. 16/08 - 12:08:27.099 [main] DEBUG - Creation EntityManager :  SessionImpl(1050345182<open>)  
26. 16/08 - 12:09:11.751 [main] DEBUG - Fermeture EntityManager :  SessionImpl(1050345182<open>)  
27. 16/08 - 12:09:15.397 [main] DEBUG - Commentaire après insert : idCommentaire= 5 idSpot= 1  estVisible= false texte=Hello - insertion par pgm 
28. 16/08 - 12:09:15.398 [main] DEBUG - Creation EntityManager :  SessionImpl(1478284358<open>)  
29. 16/08 - 12:09:15.434 [main] DEBUG - Fermeture EntityManager :  SessionImpl(1478284358<open>)  
30. 16/08 - 12:09:15.435 [main] DEBUG - Commentaire après update Texte : idCommentaire= 5 idSpot= 1  estVisible= false texte=Olleh + noitresni rap mgp  
31. 16/08 - 12:09:15.436 [main] DEBUG - Creation EntityManager :  SessionImpl(431824792<open>)  
32. 16/08 - 12:09:15.463 [main] DEBUG - Fermeture EntityManager :  SessionImpl(431824792<open>)  
33. 16/08 - 12:09:15.463 [main] DEBUG - Commentaire après update isVisble : idCommentaire= 5 idSpot= 1  estVisible= true texte=Olleh + noitresni rap mgp  
34. 16/08 - 12:09:15.465 [main] DEBUG - Creation EntityManager :  SessionImpl(1454759497<open>)  
35. 16/08 - 12:09:15.487 [main] DEBUG - Fermeture EntityManager :  SessionImpl(1454759497<open>)  
36. 16/08 - 12:09:15.487 [main] DEBUG - Affiche Liste des Commentaires:  
37. 16/08 - 12:09:15.488 [main] DEBUG - ->  : idCommentaire= 1 idSpot= 1  estVisible= false texte=comment_0101 
38. 16/08 - 12:09:15.488 [main] DEBUG - ->  : idCommentaire= 2 idSpot= 2  estVisible= true texte=comment_0102 
39. 16/08 - 12:09:15.488 [main] DEBUG - ->  : idCommentaire= 3 idSpot= 1  estVisible= false texte=comment_0201 
40. 16/08 - 12:09:15.489 [main] DEBUG - ->  : idCommentaire= 5 idSpot= 1  estVisible= true texte=Olleh + noitresni rap mgp  
41. 16/08 - 12:09:15.489 [main] DEBUG - Creation EntityManager :  SessionImpl(100054770<open>)  
42. 16/08 - 12:09:15.521 [main] DEBUG - Fermeture EntityManager :  SessionImpl(100054770<open>)  
43. 16/08 - 12:09:15.522 [main] DEBUG - Liste  après suppression    
44. 16/08 - 12:09:15.523 [main] DEBUG - Creation EntityManager :  SessionImpl(1426749677<open>)  
45. 16/08 - 12:09:15.537 [main] DEBUG - Fermeture EntityManager :  SessionImpl(1426749677<open>)  
46. 16/08 - 12:09:15.538 [main] DEBUG - ->  : idCommentaire= 1 idSpot= 1  estVisible= false texte=comment_0101 
47. 16/08 - 12:09:15.538 [main] DEBUG - ->  : idCommentaire= 2 idSpot= 2  estVisible= true texte=comment_0102 
48. 16/08 - 12:09:15.539 [main] DEBUG - ->  : idCommentaire= 3 idSpot= 1  estVisible= false texte=comment_0201 
49. 16/08 - 12:09:15.539 [main] DEBUG - Creation EntityManager :  SessionImpl(404944501<open>)  
50. 16/08 - 12:10:01.796 [main] DEBUG - Fermeture EntityManager :  SessionImpl(404944501<open>)  
51. 16/08 - 12:10:01.797 [main] DEBUG - Lecture d'un commentaire id=3  :idCommentaire= 3 idSpot= 1  estVisible= false texte=comment_0201 
52. 16/08 - 12:10:01.803 [main] DEBUG - Fermeture  : EntityManagerFactory  
53. 16/08 - 12:10:01.804 [main] DEBUG - ****Business ****** Fin Main  
54. 16/08 - 12:10:01.804 [main] DEBUG - Close : Shutdown LogManager ! Bye ! 
